<?xml version="1.0" encoding="UTF-8"?>
<!-- Generated by org.testng.reporters.JUnitXMLReporter -->
<testsuite hostname="DESKTOP-IN9OGTJ" ignored="2" name="Test" tests="2" failures="0" timestamp="2021-11-01T22:34:24 IST" time="69.713" errors="0">
  <testcase name="tc_22" time="5.7" classname="testScriptUsingTestNG.TC_22"/>
  <testcase name="tc_21" time="5.486" classname="testScriptUsingTestNG.TC_21"/>
  <testcase name="@BeforeSuite connectToDB" time="0.0" classname="com.crm.vtiger.GenericUtils.BaseClass">
    <ignored/>
  </testcase> <!-- @BeforeSuite connectToDB -->
  <testcase name="@AfterSuite closeDB" time="0.0" classname="com.crm.vtiger.GenericUtils.BaseClass">
    <ignored/>
  </testcase> <!-- @AfterSuite closeDB -->
</testsuite> <!-- Test -->
