<?xml version="1.0" encoding="UTF-8"?>
<!-- Generated by org.testng.reporters.JUnitXMLReporter -->
<testsuite hostname="DESKTOP-IN9OGTJ" ignored="8" name="Test" tests="5" failures="0" timestamp="2021-10-08T11:54:46 IST" time="65.177" errors="0">
  <testcase name="tc_23" time="5.821" classname="testScriptUsingTestNG.TC_23"/>
  <testcase name="tc_22" time="5.493" classname="testScriptUsingTestNG.TC_22"/>
  <testcase name="tc_21" time="5.676" classname="testScriptUsingTestNG.TC_21"/>
  <testcase name="tc_25" time="6.032" classname="testScriptUsingTestNG.TC_25"/>
  <testcase name="tc_24" time="5.742" classname="testScriptUsingTestNG.TC_24"/>
  <testcase name="@BeforeSuite connectToDB" time="0.0" classname="com.crm.vtiger.GenericUtils.BaseClass">
    <ignored/>
  </testcase> <!-- @BeforeSuite connectToDB -->
  <testcase name="@BeforeSuite connectToDB" time="0.0" classname="com.crm.vtiger.GenericUtils.BaseClass">
    <ignored/>
  </testcase> <!-- @BeforeSuite connectToDB -->
  <testcase name="@BeforeSuite connectToDB" time="0.0" classname="com.crm.vtiger.GenericUtils.BaseClass">
    <ignored/>
  </testcase> <!-- @BeforeSuite connectToDB -->
  <testcase name="@BeforeSuite connectToDB" time="0.0" classname="com.crm.vtiger.GenericUtils.BaseClass">
    <ignored/>
  </testcase> <!-- @BeforeSuite connectToDB -->
  <testcase name="@AfterSuite closeDB" time="0.0" classname="com.crm.vtiger.GenericUtils.BaseClass">
    <ignored/>
  </testcase> <!-- @AfterSuite closeDB -->
  <testcase name="@AfterSuite closeDB" time="0.0" classname="com.crm.vtiger.GenericUtils.BaseClass">
    <ignored/>
  </testcase> <!-- @AfterSuite closeDB -->
  <testcase name="@AfterSuite closeDB" time="0.0" classname="com.crm.vtiger.GenericUtils.BaseClass">
    <ignored/>
  </testcase> <!-- @AfterSuite closeDB -->
  <testcase name="@AfterSuite closeDB" time="0.0" classname="com.crm.vtiger.GenericUtils.BaseClass">
    <ignored/>
  </testcase> <!-- @AfterSuite closeDB -->
</testsuite> <!-- Test -->
