<?xml version="1.0" encoding="UTF-8"?>
<testng-results skipped="0" failed="0" ignored="0" total="1" passed="1">
  <reporter-output>
  </reporter-output>
  <suite name="Default suite" duration-ms="16607" started-at="2021-10-12T10:48:17 IST" finished-at="2021-10-12T10:48:34 IST">
    <groups>
    </groups>
    <test name="Default test" duration-ms="16607" started-at="2021-10-12T10:48:17 IST" finished-at="2021-10-12T10:48:34 IST">
      <class name="testScriptPurchase.TC_21SelectUser">
        <test-method status="PASS" signature="tc_21SelectUser()[pri:0, instance:testScriptPurchase.TC_21SelectUser@33c7e1bb]" name="tc_21SelectUser" duration-ms="16558" started-at="2021-10-12T10:48:17 IST" finished-at="2021-10-12T10:48:34 IST">
          <reporter-output>
          </reporter-output>
        </test-method> <!-- tc_21SelectUser -->
      </class> <!-- testScriptPurchase.TC_21SelectUser -->
    </test> <!-- Default test -->
  </suite> <!-- Default suite -->
</testng-results>
